<?xml version="1.0" encoding="utf-8"?>
<TestRun id="0975fe3c-600b-4364-844b-fabd7b027714" name="TS@LAPTOP-V21GA9TR 2022-03-29 01:53:16" runUser="LAPTOP-V21GA9TR\TS" xmlns="http://microsoft.com/schemas/VisualStudio/TeamTest/2010">
  <Times creation="2022-03-29T01:53:16.8409865+03:00" queuing="2022-03-29T01:53:16.8409879+03:00" start="2022-03-29T01:53:15.4971826+03:00" finish="2022-03-29T01:53:16.8494762+03:00" />
  <TestSettings name="default" id="aed932d0-631f-4bbd-9b76-2744f5082414">
    <Deployment runDeploymentRoot="TS_LAPTOP-V21GA9TR_2022-03-29_01_53_16" />
  </TestSettings>
  <Results>
    <UnitTestResult executionId="bbb7decf-b20c-4daa-92d6-4fb0e35e2026" testId="fe2b2672-ba4b-ce53-a51f-6f3de4a0a795" testName="GameEngine.Tests.BossEnemyShould.EnemyHaveCorrectPower" computerName="LAPTOP-V21GA9TR" duration="00:00:00.0063909" startTime="2022-03-29T01:53:16.6778219+03:00" endTime="2022-03-29T01:53:16.6779042+03:00" testType="13cdc9d9-ddb5-4fa4-a97d-d965ccfc6d4b" outcome="Passed" testListId="8c84fa94-04c1-424b-9868-57a2d4851a1d" relativeResultsDirectory="bbb7decf-b20c-4daa-92d6-4fb0e35e2026">
      <Output>
        <StdOut>Creating Boss Enemy</StdOut>
      </Output>
    </UnitTestResult>
  </Results>
  <TestDefinitions>
    <UnitTest name="GameEngine.Tests.BossEnemyShould.EnemyHaveCorrectPower" storage="c:\users\ts\coderepos\xunit.net-testing\gameengine.tests\bin\debug\net5.0\gameengine.tests.dll" id="fe2b2672-ba4b-ce53-a51f-6f3de4a0a795">
      <Execution id="bbb7decf-b20c-4daa-92d6-4fb0e35e2026" />
      <TestMethod codeBase="C:\Users\TS\CodeRepos\xUnit.Net-Testing\GameEngine.Tests\bin\Debug\net5.0\GameEngine.Tests.dll" adapterTypeName="executor://xunit/VsTestRunner2/netcoreapp" className="GameEngine.Tests.BossEnemyShould" name="EnemyHaveCorrectPower" />
    </UnitTest>
  </TestDefinitions>
  <TestEntries>
    <TestEntry testId="fe2b2672-ba4b-ce53-a51f-6f3de4a0a795" executionId="bbb7decf-b20c-4daa-92d6-4fb0e35e2026" testListId="8c84fa94-04c1-424b-9868-57a2d4851a1d" />
  </TestEntries>
  <TestLists>
    <TestList name="Results Not in a List" id="8c84fa94-04c1-424b-9868-57a2d4851a1d" />
    <TestList name="All Loaded Results" id="19431567-8539-422a-85d7-44ee4e166bda" />
  </TestLists>
  <ResultSummary outcome="Completed">
    <Counters total="1" executed="1" passed="1" failed="0" error="0" timeout="0" aborted="0" inconclusive="0" passedButRunAborted="0" notRunnable="0" notExecuted="0" disconnected="0" warning="0" completed="0" inProgress="0" pending="0" />
    <Output>
      <StdOut>[xUnit.net 00:00:00.00] xUnit.net VSTest Adapter v2.4.3+1b45f5407b (64-bit .NET 5.0.15)&#xD;
[xUnit.net 00:00:00.43]   Discovering: GameEngine.Tests&#xD;
[xUnit.net 00:00:00.48]   Discovered:  GameEngine.Tests&#xD;
[xUnit.net 00:00:00.48]   Starting:    GameEngine.Tests&#xD;
[xUnit.net 00:00:00.56]   Finished:    GameEngine.Tests&#xD;
</StdOut>
    </Output>
  </ResultSummary>
</TestRun>